<?xml version="1.0" encoding="UTF-8"?>
<testng-results ignored="0" total="11" passed="11" failed="0" skipped="0">
  <reporter-output>
  </reporter-output>
  <suite started-at="2022-02-10T23:29:42 EST" name="Default suite" finished-at="2022-02-10T23:29:51 EST" duration-ms="9507">
    <groups>
    </groups>
    <test started-at="2022-02-10T23:29:42 EST" name="Default test" finished-at="2022-02-10T23:29:51 EST" duration-ms="9507">
      <class name="FEB_2022_02_09.TableTestNG">
        <test-method is-config="true" signature="initializeDriver()[pri:0, instance:FEB_2022_02_09.TableTestNG@1c93084c]" started-at="2022-02-10T23:29:42 EST" name="initializeDriver" finished-at="2022-02-10T23:29:44 EST" duration-ms="2223" status="PASS">
          <reporter-output>
          </reporter-output>
        </test-method> <!-- initializeDriver -->
        <test-method signature="Has_Num_Columns()[pri:0, instance:FEB_2022_02_09.TableTestNG@1c93084c]" started-at="2022-02-10T23:29:44 EST" name="Has_Num_Columns" finished-at="2022-02-10T23:29:44 EST" duration-ms="208" status="PASS">
          <reporter-output>
          </reporter-output>
        </test-method> <!-- Has_Num_Columns -->
        <test-method signature="Has_Same_Rows()[pri:0, instance:FEB_2022_02_09.TableTestNG@1c93084c]" started-at="2022-02-10T23:29:44 EST" name="Has_Same_Rows" finished-at="2022-02-10T23:29:45 EST" duration-ms="546" status="PASS">
          <reporter-output>
          </reporter-output>
        </test-method> <!-- Has_Same_Rows -->
        <test-method signature="Row_Exist()[pri:0, instance:FEB_2022_02_09.TableTestNG@1c93084c]" started-at="2022-02-10T23:29:45 EST" name="Row_Exist" finished-at="2022-02-10T23:29:46 EST" duration-ms="817" status="PASS">
          <reporter-output>
          </reporter-output>
        </test-method> <!-- Row_Exist -->
        <test-method signature="Same_Header_Data_Order()[pri:0, instance:FEB_2022_02_09.TableTestNG@1c93084c]" started-at="2022-02-10T23:29:46 EST" name="Same_Header_Data_Order" finished-at="2022-02-10T23:29:46 EST" duration-ms="188" status="PASS">
          <reporter-output>
          </reporter-output>
        </test-method> <!-- Same_Header_Data_Order -->
        <test-method signature="Table_Equals()[pri:0, instance:FEB_2022_02_09.TableTestNG@1c93084c]" started-at="2022-02-10T23:29:46 EST" name="Table_Equals" finished-at="2022-02-10T23:29:48 EST" duration-ms="2221" status="PASS">
          <reporter-output>
          </reporter-output>
        </test-method> <!-- Table_Equals -->
        <test-method signature="Test_Different_Order()[pri:0, instance:FEB_2022_02_09.TableTestNG@1c93084c]" started-at="2022-02-10T23:29:48 EST" name="Test_Different_Order" finished-at="2022-02-10T23:29:49 EST" duration-ms="617" status="PASS">
          <reporter-output>
          </reporter-output>
        </test-method> <!-- Test_Different_Order -->
        <test-method signature="Test_Header_Data_Different()[pri:0, instance:FEB_2022_02_09.TableTestNG@1c93084c]" started-at="2022-02-10T23:29:49 EST" name="Test_Header_Data_Different" finished-at="2022-02-10T23:29:49 EST" duration-ms="190" status="PASS">
          <reporter-output>
          </reporter-output>
        </test-method> <!-- Test_Header_Data_Different -->
        <test-method signature="Test_Header_Order_Different()[pri:0, instance:FEB_2022_02_09.TableTestNG@1c93084c]" started-at="2022-02-10T23:29:49 EST" name="Test_Header_Order_Different" finished-at="2022-02-10T23:29:49 EST" duration-ms="187" status="PASS">
          <reporter-output>
          </reporter-output>
        </test-method> <!-- Test_Header_Order_Different -->
        <test-method signature="Test_Missing_Data_Row()[pri:0, instance:FEB_2022_02_09.TableTestNG@1c93084c]" started-at="2022-02-10T23:29:49 EST" name="Test_Missing_Data_Row" finished-at="2022-02-10T23:29:49 EST" duration-ms="409" status="PASS">
          <reporter-output>
          </reporter-output>
        </test-method> <!-- Test_Missing_Data_Row -->
        <test-method signature="Test_Missing_Data_Row_2()[pri:0, instance:FEB_2022_02_09.TableTestNG@1c93084c]" started-at="2022-02-10T23:29:49 EST" name="Test_Missing_Data_Row_2" finished-at="2022-02-10T23:29:51 EST" duration-ms="1232" status="PASS">
          <reporter-output>
          </reporter-output>
        </test-method> <!-- Test_Missing_Data_Row_2 -->
        <test-method signature="Test_Table_Different_Data()[pri:0, instance:FEB_2022_02_09.TableTestNG@1c93084c]" started-at="2022-02-10T23:29:51 EST" name="Test_Table_Different_Data" finished-at="2022-02-10T23:29:51 EST" duration-ms="595" status="PASS">
          <reporter-output>
          </reporter-output>
        </test-method> <!-- Test_Table_Different_Data -->
        <test-method is-config="true" signature="finishTests()[pri:0, instance:FEB_2022_02_09.TableTestNG@1c93084c]" started-at="2022-02-10T23:29:51 EST" name="finishTests" finished-at="2022-02-10T23:29:51 EST" duration-ms="42" status="PASS">
          <reporter-output>
          </reporter-output>
        </test-method> <!-- finishTests -->
      </class> <!-- FEB_2022_02_09.TableTestNG -->
    </test> <!-- Default test -->
  </suite> <!-- Default suite -->
</testng-results>
