<?xml version="1.0" encoding="UTF-8"?>
<testng-results ignored="0" total="11" passed="11" failed="0" skipped="0">
  <reporter-output>
  </reporter-output>
  <suite started-at="2022-02-10T22:57:42 EST" name="Default suite" finished-at="2022-02-10T22:57:52 EST" duration-ms="9829">
    <groups>
    </groups>
    <test started-at="2022-02-10T22:57:42 EST" name="Default test" finished-at="2022-02-10T22:57:52 EST" duration-ms="9829">
      <class name="FEB_2022_02_09.TableTestNG">
        <test-method is-config="true" signature="initializeDriver()[pri:0, instance:FEB_2022_02_09.TableTestNG@1c93084c]" started-at="2022-02-10T22:57:42 EST" name="initializeDriver" finished-at="2022-02-10T22:57:45 EST" duration-ms="2422" status="PASS">
          <reporter-output>
          </reporter-output>
        </test-method> <!-- initializeDriver -->
        <test-method signature="Test_01()[pri:0, instance:FEB_2022_02_09.TableTestNG@1c93084c]" started-at="2022-02-10T22:57:45 EST" name="Test_01" finished-at="2022-02-10T22:57:45 EST" duration-ms="632" status="PASS">
          <reporter-output>
          </reporter-output>
        </test-method> <!-- Test_01 -->
        <test-method signature="Test_02()[pri:0, instance:FEB_2022_02_09.TableTestNG@1c93084c]" started-at="2022-02-10T22:57:45 EST" name="Test_02" finished-at="2022-02-10T22:57:46 EST" duration-ms="248" status="PASS">
          <reporter-output>
          </reporter-output>
        </test-method> <!-- Test_02 -->
        <test-method signature="Test_03()[pri:0, instance:FEB_2022_02_09.TableTestNG@1c93084c]" started-at="2022-02-10T22:57:46 EST" name="Test_03" finished-at="2022-02-10T22:57:46 EST" duration-ms="200" status="PASS">
          <reporter-output>
          </reporter-output>
        </test-method> <!-- Test_03 -->
        <test-method signature="Test_04()[pri:0, instance:FEB_2022_02_09.TableTestNG@1c93084c]" started-at="2022-02-10T22:57:46 EST" name="Test_04" finished-at="2022-02-10T22:57:47 EST" duration-ms="820" status="PASS">
          <reporter-output>
          </reporter-output>
        </test-method> <!-- Test_04 -->
        <test-method signature="Test_05()[pri:0, instance:FEB_2022_02_09.TableTestNG@1c93084c]" started-at="2022-02-10T22:57:47 EST" name="Test_05" finished-at="2022-02-10T22:57:49 EST" duration-ms="2211" status="PASS">
          <reporter-output>
          </reporter-output>
        </test-method> <!-- Test_05 -->
        <test-method signature="Test_06()[pri:0, instance:FEB_2022_02_09.TableTestNG@1c93084c]" started-at="2022-02-10T22:57:49 EST" name="Test_06" finished-at="2022-02-10T22:57:49 EST" duration-ms="611" status="PASS">
          <reporter-output>
          </reporter-output>
        </test-method> <!-- Test_06 -->
        <test-method signature="Test_07()[pri:0, instance:FEB_2022_02_09.TableTestNG@1c93084c]" started-at="2022-02-10T22:57:49 EST" name="Test_07" finished-at="2022-02-10T22:57:50 EST" duration-ms="411" status="PASS">
          <reporter-output>
          </reporter-output>
        </test-method> <!-- Test_07 -->
        <test-method signature="Test_08()[pri:0, instance:FEB_2022_02_09.TableTestNG@1c93084c]" started-at="2022-02-10T22:57:50 EST" name="Test_08" finished-at="2022-02-10T22:57:50 EST" duration-ms="191" status="PASS">
          <reporter-output>
          </reporter-output>
        </test-method> <!-- Test_08 -->
        <test-method signature="Test_09()[pri:0, instance:FEB_2022_02_09.TableTestNG@1c93084c]" started-at="2022-02-10T22:57:50 EST" name="Test_09" finished-at="2022-02-10T22:57:50 EST" duration-ms="190" status="PASS">
          <reporter-output>
          </reporter-output>
        </test-method> <!-- Test_09 -->
        <test-method signature="Test_10()[pri:0, instance:FEB_2022_02_09.TableTestNG@1c93084c]" started-at="2022-02-10T22:57:50 EST" name="Test_10" finished-at="2022-02-10T22:57:51 EST" duration-ms="597" status="PASS">
          <reporter-output>
          </reporter-output>
        </test-method> <!-- Test_10 -->
        <test-method signature="Test_11()[pri:0, instance:FEB_2022_02_09.TableTestNG@1c93084c]" started-at="2022-02-10T22:57:51 EST" name="Test_11" finished-at="2022-02-10T22:57:52 EST" duration-ms="1231" status="PASS">
          <reporter-output>
          </reporter-output>
        </test-method> <!-- Test_11 -->
        <test-method is-config="true" signature="finishTests()[pri:0, instance:FEB_2022_02_09.TableTestNG@1c93084c]" started-at="2022-02-10T22:57:52 EST" name="finishTests" finished-at="2022-02-10T22:57:52 EST" duration-ms="36" status="PASS">
          <reporter-output>
          </reporter-output>
        </test-method> <!-- finishTests -->
      </class> <!-- FEB_2022_02_09.TableTestNG -->
    </test> <!-- Default test -->
  </suite> <!-- Default suite -->
</testng-results>
