<?xml version="1.0" encoding="UTF-8"?>
<!-- Generated by org.testng.reporters.JUnitXMLReporter -->
<testsuite ignored="0" hostname="DESKTOP-RSFFHJT" failures="0" tests="11" name="Default test" time="9.507" errors="0" timestamp="2022-02-10T23:29:51 EST">
  <testcase classname="FEB_2022_02_09.TableTestNG" name="Has_Num_Columns" time="0.208"/>
  <testcase classname="FEB_2022_02_09.TableTestNG" name="Has_Same_Rows" time="0.546"/>
  <testcase classname="FEB_2022_02_09.TableTestNG" name="Row_Exist" time="0.817"/>
  <testcase classname="FEB_2022_02_09.TableTestNG" name="Same_Header_Data_Order" time="0.188"/>
  <testcase classname="FEB_2022_02_09.TableTestNG" name="Table_Equals" time="2.221"/>
  <testcase classname="FEB_2022_02_09.TableTestNG" name="Test_Different_Order" time="0.617"/>
  <testcase classname="FEB_2022_02_09.TableTestNG" name="Test_Header_Data_Different" time="0.19"/>
  <testcase classname="FEB_2022_02_09.TableTestNG" name="Test_Header_Order_Different" time="0.187"/>
  <testcase classname="FEB_2022_02_09.TableTestNG" name="Test_Missing_Data_Row" time="0.409"/>
  <testcase classname="FEB_2022_02_09.TableTestNG" name="Test_Missing_Data_Row_2" time="1.232"/>
  <testcase classname="FEB_2022_02_09.TableTestNG" name="Test_Table_Different_Data" time="0.595"/>
</testsuite> <!-- Default test -->
