<?xml version="1.0" encoding="UTF-8"?>
<!-- Generated by org.testng.reporters.JUnitXMLReporter -->
<testsuite ignored="0" hostname="DESKTOP-RSFFHJT" failures="0" tests="11" name="Default test" time="9.829" errors="0" timestamp="2022-02-10T22:57:52 EST">
  <testcase classname="FEB_2022_02_09.TableTestNG" name="Test_01" time="0.632"/>
  <testcase classname="FEB_2022_02_09.TableTestNG" name="Test_02" time="0.248"/>
  <testcase classname="FEB_2022_02_09.TableTestNG" name="Test_03" time="0.2"/>
  <testcase classname="FEB_2022_02_09.TableTestNG" name="Test_04" time="0.82"/>
  <testcase classname="FEB_2022_02_09.TableTestNG" name="Test_05" time="2.211"/>
  <testcase classname="FEB_2022_02_09.TableTestNG" name="Test_06" time="0.611"/>
  <testcase classname="FEB_2022_02_09.TableTestNG" name="Test_07" time="0.411"/>
  <testcase classname="FEB_2022_02_09.TableTestNG" name="Test_08" time="0.191"/>
  <testcase classname="FEB_2022_02_09.TableTestNG" name="Test_09" time="0.19"/>
  <testcase classname="FEB_2022_02_09.TableTestNG" name="Test_10" time="0.597"/>
  <testcase classname="FEB_2022_02_09.TableTestNG" name="Test_11" time="1.231"/>
</testsuite> <!-- Default test -->
